{"C:\\Users\\lpsan\\Downloads\\projeto-treinamento-rededor\\packages\\lambda-auth\\src\\index.ts": {"path":"C:\\Users\\lpsan\\Downloads\\projeto-treinamento-rededor\\packages\\lambda-auth\\src\\index.ts","all":false,"statementMap":{"0":{"start":{"line":1,"column":0},"end":{"line":1,"column":57}},"2":{"start":{"line":3,"column":0},"end":{"line":3,"column":33}},"3":{"start":{"line":4,"column":0},"end":{"line":4,"column":16}},"5":{"start":{"line":6,"column":0},"end":{"line":6,"column":53}},"7":{"start":{"line":8,"column":0},"end":{"line":8,"column":65}},"8":{"start":{"line":9,"column":0},"end":{"line":9,"column":46}},"9":{"start":{"line":10,"column":0},"end":{"line":10,"column":38}},"11":{"start":{"line":12,"column":0},"end":{"line":12,"column":49}},"13":{"start":{"line":14,"column":0},"end":{"line":14,"column":18}},"14":{"start":{"line":15,"column":0},"end":{"line":15,"column":12}},"15":{"start":{"line":16,"column":0},"end":{"line":16,"column":22}},"16":{"start":{"line":17,"column":0},"end":{"line":17,"column":76}},"17":{"start":{"line":18,"column":0},"end":{"line":18,"column":6}},"18":{"start":{"line":19,"column":0},"end":{"line":19,"column":3}},"20":{"start":{"line":21,"column":0},"end":{"line":21,"column":7}},"21":{"start":{"line":22,"column":0},"end":{"line":22,"column":47}},"22":{"start":{"line":23,"column":0},"end":{"line":23,"column":37}},"23":{"start":{"line":24,"column":0},"end":{"line":24,"column":25}},"24":{"start":{"line":25,"column":0},"end":{"line":25,"column":23}},"25":{"start":{"line":26,"column":0},"end":{"line":26,"column":27}},"26":{"start":{"line":27,"column":0},"end":{"line":27,"column":27}},"27":{"start":{"line":28,"column":0},"end":{"line":28,"column":8}},"28":{"start":{"line":29,"column":0},"end":{"line":29,"column":17}},"30":{"start":{"line":31,"column":0},"end":{"line":31,"column":12}},"31":{"start":{"line":32,"column":0},"end":{"line":32,"column":22}},"32":{"start":{"line":33,"column":0},"end":{"line":33,"column":76}},"33":{"start":{"line":34,"column":0},"end":{"line":34,"column":6}},"34":{"start":{"line":35,"column":0},"end":{"line":35,"column":22}},"35":{"start":{"line":36,"column":0},"end":{"line":36,"column":12}},"36":{"start":{"line":37,"column":0},"end":{"line":37,"column":22}},"37":{"start":{"line":38,"column":0},"end":{"line":38,"column":82}},"38":{"start":{"line":39,"column":0},"end":{"line":39,"column":6}},"39":{"start":{"line":40,"column":0},"end":{"line":40,"column":3}},"40":{"start":{"line":41,"column":0},"end":{"line":41,"column":2}}},"s":{"0":1,"2":1,"3":1,"5":1,"7":1,"8":2,"9":2,"11":2,"13":2,"14":0,"15":0,"16":0,"17":0,"18":0,"20":2,"21":2,"22":2,"23":2,"24":2,"25":2,"26":2,"27":2,"28":2,"30":1,"31":1,"32":2,"33":2,"34":2,"35":1,"36":1,"37":1,"38":1,"39":1,"40":2},"branchMap":{"0":{"type":"branch","line":8,"loc":{"start":{"line":8,"column":47},"end":{"line":41,"column":2}},"locations":[{"start":{"line":8,"column":47},"end":{"line":41,"column":2}}]},"1":{"type":"branch","line":9,"loc":{"start":{"line":9,"column":32},"end":{"line":9,"column":44}},"locations":[{"start":{"line":9,"column":32},"end":{"line":9,"column":44}}]},"2":{"type":"branch","line":14,"loc":{"start":{"line":14,"column":17},"end":{"line":19,"column":3}},"locations":[{"start":{"line":14,"column":17},"end":{"line":19,"column":3}}]},"3":{"type":"branch","line":29,"loc":{"start":{"line":29,"column":15},"end":{"line":33,"column":73}},"locations":[{"start":{"line":29,"column":15},"end":{"line":33,"column":73}}]},"4":{"type":"branch","line":35,"loc":{"start":{"line":35,"column":2},"end":{"line":40,"column":3}},"locations":[{"start":{"line":35,"column":2},"end":{"line":40,"column":3}}]}},"b":{"0":[2],"1":[0],"2":[0],"3":[1],"4":[1]},"fnMap":{"0":{"name":"handler","decl":{"start":{"line":8,"column":47},"end":{"line":41,"column":2}},"loc":{"start":{"line":8,"column":47},"end":{"line":41,"column":2}},"line":8}},"f":{"0":2}}
}
